<?xml version="1.0" encoding="UTF-8"?>
<!-- Generated by org.testng.reporters.JUnitReportReporter -->
<testsuite hostname="Aruns-MacBook-Air.local" failures="0" tests="1" name="rahulshettyacedemy.Submitorder" time="12.431" errors="0" timestamp="2024-05-15T21:25:44 IST" skipped="0">
  <testcase classname="rahulshettyacedemy.Submitorder" name="submitorder" time="12.431"/>
</testsuite> <!-- rahulshettyacedemy.Submitorder -->
