<?xml version="1.0" encoding="UTF-8"?>
<!-- Generated by org.testng.reporters.JUnitReportReporter -->
<testsuite hostname="Aruns-MacBook-Air.local" failures="0" tests="2" name="rahulshettyacedemy.testcases.Submitorder" time="20.396" errors="0" timestamp="2024-05-22T16:54:02 IST" skipped="0">
  <testcase classname="rahulshettyacedemy.testcases.Submitorder" name="submitorder" time="11.056"/>
  <testcase classname="rahulshettyacedemy.testcases.Submitorder" name="submitorder" time="9.340"/>
</testsuite> <!-- rahulshettyacedemy.testcases.Submitorder -->
