<?xml version="1.0" encoding="UTF-8"?>
<!-- Generated by org.testng.reporters.JUnitReportReporter -->
<testsuite hostname="Aruns-MacBook-Air.local" failures="0" tests="1" name="cucumber.TestNgtestRunner" time="9.418" errors="0" timestamp="2024-05-24T15:58:39 IST" skipped="0">
  <testcase classname="cucumber.TestNgtestRunner" name="runScenario" time="9.418"/>
</testsuite> <!-- cucumber.TestNgtestRunner -->
